make.exe all --print-data-base --no-builtin-variables --no-builtin-rules --question
# GNU Make 3.81
# Copyright (C) 2006  Free Software Foundation, Inc.
# This is free software; see the source for copying conditions.
# There is NO warranty; not even for MERCHANTABILITY or FITNESS FOR A
# PARTICULAR PURPOSE.

# This program built for i386-pc-mingw32
 

# Make data base, printed on Wed Aug 10 14:29:00 2022

# Variables

# automatic
<D = $(patsubst %/,%,$(dir $<))
# automatic
?F = $(notdir $?)
# makefile (from `makefile', line 5)
OBJ = $(SOURCE:.cpp=.o)
# makefile
MAKEFLAGS = Rrqp
# automatic
?D = $(patsubst %/,%,$(dir $?))
# makefile (from `makefile', line 2)
CPPFLAGS = -g
# environment
PYTHON3.9 = C:\Users\Ben\AppData\Local\Programs\Python\Python39\python.exe
# automatic
@D = $(patsubst %/,%,$(dir $@))
# environment
HOMEDRIVE = C:
# automatic
@F = $(notd 
ir $@)
# automatic
^D = $(patsubst %/,%,$(dir $^))
# makefile
CURDIR := c:/Users/Ben/Documents/College/Junior/2022_spring/Artificial Intelligence/Dynamic-Block-Size-N-puzzle-Solver
# default
SHELL := sh.exe
# environment
WINDIR = C:\WINDOWS
# environment
VSCODE_NLS_CONFIG = {"locale":"en-us","availableLanguages":{},"_languagePackSupport":true}
# environment
ONEDRIVE = C:\Users\Ben\OneDrive
# environment
PATHEXT = .COM;.EXE;.BAT;.CMD;.VBS;.VBE;.JS;.JSE;.WSF;.WSH;.MSC
# makefile (from `makefile', line 1)
MAKEFILE_LIST :=  makefile
# environment
FPS_BROWSER_USER_PROFILE_STRING = Default
# environment
TMP = C:\Users\Ben\AppData\Local\Temp
# environment
PROGRAMW6432 = C:\Program Files
# environment
PROGRAMDATA = C:\ProgramData
# environment
MINGW = C:\MinGW\bin
# environment
VSCODE_CWD = C:\Users\Ben\Documents\College\Junior\2022_spring\Artificial Intelligence\Dynamic-Block-Size-N-puzzle-Solver
# environment
PATH = C:\Program Files\Common Files\Oracle\Java\javapath;C:\Program Files (x86)\Common Files\Oracle\Java\javapath;C:\Windows\system32;C:\Windows;C:\Windows\System32\Wbem;C:\Windows\System32\WindowsPowerShell\v1.0\;C:\Windows\System32\OpenSSH\;C:\Program Files (x86)\NVIDIA Corporation\PhysX\Common;C:\WINDOWS\system32;C:\WINDOWS;C:\WINDOWS\System32\Wbem;C:\WINDOWS\System32\WindowsPowerShell\v1.0\;C:\WINDOWS\System32\OpenSSH\;C:\MinGW\bin;C:\Program Files\NVIDIA Corporation\NVIDIA NvDLISR;C:\Program Files (x86)\GnuWin32\bin;C:\Program Files (x86)\Vim\vim82;C:\WINDOWS\system32;C:\WINDOWS;C:\WINDOWS\System32\Wbem;C:\WINDOWS\System32\WindowsPowerShell\v1.0\;C:\WINDOWS\System32\OpenSSH\;C:\Program Files (x86)\Microsoft Visual Studio\2019\Community\MSBuild\Current\Bin\Roslyn;C:\Program Files\Git\cmd;C:\Program Files\Microsoft SQL Server\130\Tools\Binn\;C:\Program Files\PuTTY\;C:\Users\Ben\AppData\Local\Packages\PythonSoftwareFoundation.Python.3.9_qbz5n2kfra8p0\LocalCache\local-packages\Python39\Scripts;C:\Program Files\nodejs\;C:\Program Files\dotnet\;C:\Program Files\MATLAB\R2022a\bin;;C:\Program Files\Docker\Docker\resources\bin;C:\ProgramData\DockerDesktop\version-bin;C:\Users\Ben\AppData\Local\Programs\Python\Python39\Scripts\;C:\Users\Ben\AppData\Local\Programs\Python\Python39\;C:\Users\Ben\AppData\Local\Microsoft\WindowsApps;C:\Users\Ben\AppData\Local\Programs\Microsoft VS Code\bin;C:\MinGW\bin;C:\Program Files (x86)\GnuWin32\bin;C:\Users\Ben\.dotnet\tools;C:\Program Files\JetBrains\IntelliJ IDEA Community Edition 2020.3.2\bin;C:\Program Files (x86)\Java\jre1.8.0_291\bin;;C:\Program Files (x86)\Microsoft Visual Studio\2019\Community\MSBuild\Current\Bin\Roslyn;C:\Users\Ben\AppData\Local\Programs\mongosh\;C:\Users\Ben\AppData\Local\Packages\PythonSoftwareFoundation.Python.3.9_qbz5n2kfra8p0\LocalCache\local-packages\Python39\Scripts;C:\Users\Ben\AppData\Roaming\npm
# environment
COMMONPROGRAMW6432 = C:\Program Files\Common Files
# environment
ZES_ENABLE_SYSMAN = 1
# environment
PROCESSOR_ARCHITECTURE = x86
# environment
USERPROFILE = C:\Users\Ben
# environment
ALLUSERSPROFILE = C:\ProgramData
# environment
NUMBER_OF_PROCESSORS = 12
# environment
ELECTRON_RUN_AS_NODE = 1
# default
.FEATURES := target-specific order-only second-expansion else-if archives
# automatic
%F = $(notdir $%)
# automatic
*F = $(notdir $*)
# environment
CHROME_CRASHPAD_PIPE_NAME = \\.\pipe\crashpad_19512_AWDFTYKUKFJMTFUI
# environment
GNUWIN32 = C:\Program Files (x86)\GnuWin32\bin
# environment
COMPUTERNAME = DESKTOP-5UG5DKP
# environment
PROGRAMFILES = C:\Program Files (x86)
# environment
DRIVERDATA = C:\Windows\System32\Drivers\DriverData
# environment
ORIGINAL_XDG_CURRENT_DESKTOP = undefined
# environment
USERNAME = Ben
# environment
PUBLIC = C:\Users\Public
# environment
VSCODE_AMD_ENTRYPOINT = vs/workbench/api/node/extensionHostProcess
# environment
VSCODE_CODE_CACHE_PATH = C:\Users\Ben\AppData\Roaming\Code\CachedData\da76f93349a72022ca4670c1b84860304616aaa2
# environment
APPLICATION_INSIGHTS_NO_DIAGNOSTIC_CHANNEL = 1
# environment
COMMONPROGRAMFILES = C:\Program Files (x86)\Common Files
# environment
LOGONSERVER = \\DESKTOP-5UG5DKP
# environment
ONEDRIVECONSUMER = C:\Users\Ben\OneDrive
# environment
VSCODE_HANDLES_UNCAUGHT_ERRORS = true
# environment
USERDOMAIN = DESKTOP-5UG5DKP
# environment
INTELLIJ IDEA COMMUNITY EDITION = C:\Program Files\JetBrains\IntelliJ IDEA Community Edition 2020.3.2\bin;C:\Program Files (x86)\Java\jre1.8.0_291\bin;
# default
MAKE = $(MAKE_COMMAND)
# default
MAKECMDGOALS := all
# makefile (from `makefile', line 1)
CC = g++
# makefile (from `makefile', line 4)
SOURCE = GameState.cpp GameGraph.cpp
# default
MAKE_VERSION := 3.81
# makefile
.DEFAULT_GOAL := all
# environment
PROGRAMFILES(X86) = C:\Program Files (x86)
# automatic
%D = $(patsubst %/,%,$(dir $%))
# environment
LOCALAPPDATA = C:\Users\Ben\AppData\Local
# environment
PSMODULEPATH = C:\Program Files\WindowsPowerShell\Modules;C:\WINDOWS\system32\WindowsPowerShell\v1.0\Modules
# default
MAKE_COMMAND := make.exe
# environment
PROCESSOR_ARCHITEW6432 = AMD64
# default
.VARIABLES := 
# environment
ROSLYN = C:\Program Files (x86)\Microsoft Visual Studio\2019\Community\MSBuild\Current\Bin\Roslyn
# environment
PROCESSOR_IDENTIFIER = Intel64 Family 6 Model 158 Stepping 13, GenuineIntel
# environment
OS = Windows_NT
# environment
VSCODE_IPC_HOOK = \\.\pipe\024a29f649e69aeeb4abddd895cc43e9-1.70.0-main-sock
# environment
HOMEPATH = \Users\Ben
# environment
COMMONPROGRAMFILES(X86) = C:\Program Files (x86)\Common Files
# environment
PROMPT = $P$G
# environment
MFLAGS = -Rrqp
# automatic
*D = $(patsubst %/,%,$(dir $*))
# environment
SYSTEMROOT = C:\WINDOWS
# automatic
+D = $(patsubst %/,%,$(dir $+))
# automatic
+F = $(notdir $+)
# environment
APPDATA = C:\Users\Ben\AppData\Roaming
# environment
__COMPAT_LAYER = DetectorsAppHealth
# environment
TEMP = C:\Users\Ben\AppData\Local\Temp
# environment
COMSPEC = C:\WINDOWS\system32\cmd.exe
# default
MAKEFILES := 
# automatic
<F = $(notdir $<)
# environment
LC_ALL = C
# environment
JRE_TEST = C:\Program Files (x86)\Java\jre1.8.0_291\bin
# automatic
^F = $(notdir $^)
# default
SUFFIXES := 
# environment
SYSTEMDRIVE = C:
# environment
SESSIONNAME = Console
# environment
PROCESSOR_REVISION = 9e0d
# environment
MAKELEVEL := 0
# environment
LANG = C
# environment
PROCESSOR_LEVEL = 6
# environment
FPS_BROWSER_APP_PROFILE_STRING = Internet Explorer
# environment
VSCODE_PID = 19512
# environment
USERDOMAIN_ROAMINGPROFILE = DESKTOP-5UG5DKP
# variable set hash-table stats:
# Load=96/1024=9%, Rehash=0, Collisions=15/128=12%

# Pattern-specific Variable Values

# No pattern-specific variable values.

# Directories

# : could not be stat'd.
# C:\Program Files\Common Files\Oracle\Java\javapath (key C:/Program Files/Common Files/Oracle/Java/javapath, mtime 1624605611): 6 files, no impossibilities.
# C:\Program Files\Docker\Docker\resources\bin (key C:/Program Files/Docker/Docker/resources/bin, mtime 1657038671): 13 files, no impossibilities.
# C:\Users\Ben\AppData\Local\Packages\PythonSoftwareFoundation.Python.3.9_qbz5n2kfra8p0\LocalCache\local-packages\Python39\Scripts (key C:/Users/Ben/AppData/Local/Packages/PythonSoftwareFoundation.Python.3.9_qbz5n2kfra8p0/LocalC 
ache/local-packages/Python39/Scripts, mtime 1655583068): 36 files, no impossibilities.
# C:\Users\Ben\AppData\Local\Microsoft\WindowsApps (key C:/Users/Ben/AppData/Local/Microsoft/WindowsApps, mtime 1659705227): 34 files, no impossibilities.
# C:\Program Files\JetBrains\IntelliJ IDEA Community Edition 2020.3.2\bin: could not be stat'd.
# C:\Users\Ben\AppData\Local\Programs\Python\Python39\Scripts\ (key C:/Users/Ben/AppData/Local/Programs/Python/Python39/Scripts/, mtime 1655582948): 6 files, no impossibilities.
# C:\Windows\System32\WindowsPowerShell\v1.0\ (key C:/Windows/System32/WindowsPowerShell/v1.0/, mtime 1615967764): 32 files, no impossibilities.
# C:\Windows\System32\Wbem (key C:/Windows/System32/Wbem, mtime 1657705312): 171 files, no impossibilities.
# . (key c:/Users/Ben/Documents/College/Junior/2022_spring/Artificial Intelligence/Dynamic-Block-Size-N-puzzle-Solver, mtime 1660112939): 24 files, no impossibilities.
# C:\Program Files (x86)\NVIDIA Corporation\PhysX\Common (key C:/Program Files (x86)/NV 
IDIA Corporation/PhysX/Common, mtime 1581918958): 10 files, no impossibilities.
# C:\Users\Ben\AppData\Local\Programs\mongosh\ (key C:/Users/Ben/AppData/Local/Programs/mongosh/, mtime 1643182993): 8 files, no impossibilities.
# C:\Program Files\nodejs\ (key C:/Program Files/nodejs/, mtime 1650961028): 13 files, no impossibilities.
# C:\Program Files (x86)\Java\jre1.8.0_291\bin: could not be stat'd.
# C:\MinGW\bin (key C:/MinGW/bin, mtime 1583128874): 142 files, no impossibilities.
# C:\Program Files\Microsoft SQL Server\130\Tools\Binn\ (key C:/Program Files/Microsoft SQL Server/130/Tools/Binn/, mtime 1622038283): 4 files, no impossibilities.
# C:\Windows\System32\OpenSSH\: could not be stat'd.
# C:\Program Files\PuTTY\ (key C:/Program Files/PuTTY/, mtime 1637516419): 12 files, no impossibilities.
# C:\Program Files (x86)\Common Files\Oracle\Java\javapath (key C:/Program Files (x86)/Common Files/Oracle/Java/javapath, mtime 1647589650): 5 files, no impossibilities.
# C:\Users\Ben\AppData\Local\Programs\Python\P 
ython39\ (key C:/Users/Ben/AppData/Local/Programs/Python/Python39/, mtime 1655582948): 18 files, no impossibilities.
# C:\Program Files (x86)\Microsoft Visual Studio\2019\Community\MSBuild\Current\Bin\Roslyn: could not be stat'd.
# C:\Windows (key C:/Windows, mtime 1659750455): 133 files, no impossibilities.
# C:\Program Files\MATLAB\R2022a\bin (key C:/Program Files/MATLAB/R2022a/bin, mtime 1656499160): 14 files, no impossibilities.
# C:\Program Files\dotnet\ (key C:/Program Files/dotnet/, mtime 1653933059) 
: 13 files, no impossibilities.
# C:\Program Files (x86)\Vim\vim82: could not be stat'd.
# C:\Users\Ben\AppData\Local\Programs\Microsoft VS Code\bin (key C:/Users/Ben/AppData/Local/Programs/Microsoft VS Code/bin, mtime 1659881950): 4 files, no impossibilities.
# C:\ProgramData\DockerDesktop\version-bin: could not be stat'd.
# C:\Users\Ben\AppData\Roaming\npm (key C:/Users/Ben/AppData/Roaming/npm, mtime 1650961962): 15 files, no impossibilities.
# C:\Users\Ben\.dotnet\tools: could not be stat'd.
# C:\Program 
 Files\Git\cmd (key C:/Program Files/Git/cmd, mtime 1620709843): 8 files, no impossibilities.
# C:\Windows\system32 (key C:/Windows/system32, mtime 1660111459): 3081 files, no impossibilities.
# C:\Program Files\NVIDIA Corporation\NVIDIA NvDLISR (key C:/Program Files/NVIDIA Corporation/NVIDIA NvDLISR, mtime 1598453458): 5 files, no impossibilities.
# C:\Program Files (x86)\GnuWin32\bin (key C:/Program Files (x86)/GnuWin32/bin, mtime 1603434629): 52 files, no impossibilities.

# 3859 files, no impossibilitie 
s in 33 directories.

# Implicit Rules

# No implicit rules.

# Files

# Not a target:
GameGraph.o:
#  Implicit rule search has been done.
#  Last modified 2022-04-25 20:43:26
#  File has been updated.
#  Successfully updated.
# variable set hash-table stats:
# Load=0/32=0%, Rehash=0, Collisions=0/0=0%

all: GameState.o GameGraph.o
#  Command-line target.
#  Implicit rule search has not been done.
#  Implicit/static pattern stem: `'
#  File does not exist.
#  File has been updated.
#  Needs to be updated (- 
q is set).
# automatic
# @ := all
# automatic
# % := 
# automatic
# * := 
# automatic
# + := GameState.o GameGraph.o
# automatic
# | := 
# automatic
# < := GameState.o
# automatic
# ^ := GameState.o GameGraph.o
# automatic
# ? := GameState.o GameGraph.o
# variable set hash-table stats:
# Load=8/32=25%, Rehash=0, Collisions=1/16=6%
#  commands to execute (from `makefile', line 8):
	$(CC) main_IDS.cpp $(OBJ) -o main_IDS
	$(CC) main_IDAStar.cpp $(OBJ) -o main_IDAStar
	

# Not a target:
.DEFAULT:
#  Implicit ru 
le search has not been done.
#  Modification time never checked.
#  File has not been updated.

# Not a target:
makefile:
#  Implicit rule search has been done.
#  Last modified 2022-04-25 03:13:25
#  File has been updated.
#  Successfully updated.
# variable set hash-table stats:
# Load=0/32=0%, Rehash=0, Collisions=0/0=0%

# Not a target:
.SUFFIXES:
#  Implicit rule search has not been done.
#  Modification time never checked.
#  File has not been updated.

# Not a target:
GameState.o:
#  Implicit rule se 
arch has been done.
#  Last modified 2022-04-25 14:04:52
#  File has been updated.
#  Successfully updated.
# variable set hash-table stats:
# Load=0/32=0%, Rehash=0, Collisions=0/0=0%

clean:
#  Implicit rule search has not been done.
#  Modification time never checked.
#  File has not been updated.
#  commands to execute (from `makefile', line 15):
	del *.o
	

main: GameState.o GameGraph.o
#  Implicit rule search has not been done.
#  Modification time never checked.
#  File has not been updated.
#  comma 
nds to execute (from `makefile', line 12):
	$(CC) $^ -o $@
	

# files hash-table stats:
# Load=8/1024=1%, Rehash=0, Collisions=0/25=0%
# VPATH Search Paths

# No `vpath' search paths.

# No general (`VPATH' variable) search path.

# # of strings in strcache: 1
# # of strcache buffers: 1
# strcache size: total = 4096 / max = 4096 / min = 4096 / avg = 4096
# strcache free: total = 4087 / max = 4087 / min = 4087 / avg = 4087

# Finished Make data base on Wed Aug 10 14:29:00 2022

 
